Determining if the pthread_create exist failed with the following output:
Change Dir: /home/miriam/Escritorio/alg2/ejercitacion_punteros/CMakeFiles/CMakeTmp

Run Build Command:"/usr/bin/make" "cmTC_e475a/fast"
/usr/bin/make -f CMakeFiles/cmTC_e475a.dir/build.make CMakeFiles/cmTC_e475a.dir/build
make[1]: se entra en el directorio '/home/miriam/Escritorio/alg2/ejercitacion_punteros/CMakeFiles/CMakeTmp'
Building C object CMakeFiles/cmTC_e475a.dir/CheckSymbolExists.c.o
/usr/bin/cc    -o CMakeFiles/cmTC_e475a.dir/CheckSymbolExists.c.o   -c /home/miriam/Escritorio/alg2/ejercitacion_punteros/CMakeFiles/CMakeTmp/CheckSymbolExists.c
Linking C executable cmTC_e475a
/usr/bin/cmake -E cmake_link_script CMakeFiles/cmTC_e475a.dir/link.txt --verbose=1
/usr/bin/cc      -rdynamic CMakeFiles/cmTC_e475a.dir/CheckSymbolExists.c.o  -o cmTC_e475a 
CMakeFiles/cmTC_e475a.dir/CheckSymbolExists.c.o: En la función `main':
CheckSymbolExists.c:(.text+0x1b): referencia a `pthread_create' sin definir
collect2: error: ld returned 1 exit status
CMakeFiles/cmTC_e475a.dir/build.make:97: recipe for target 'cmTC_e475a' failed
make[1]: *** [cmTC_e475a] Error 1
make[1]: se sale del directorio '/home/miriam/Escritorio/alg2/ejercitacion_punteros/CMakeFiles/CMakeTmp'
Makefile:126: recipe for target 'cmTC_e475a/fast' failed
make: *** [cmTC_e475a/fast] Error 2

File /home/miriam/Escritorio/alg2/ejercitacion_punteros/CMakeFiles/CMakeTmp/CheckSymbolExists.c:
/* */
#include <pthread.h>

int main(int argc, char** argv)
{
  (void)argv;
#ifndef pthread_create
  return ((int*)(&pthread_create))[argc];
#else
  (void)argc;
  return 0;
#endif
}

Determining if the function pthread_create exists in the pthreads failed with the following output:
Change Dir: /home/miriam/Escritorio/alg2/ejercitacion_punteros/CMakeFiles/CMakeTmp

Run Build Command:"/usr/bin/make" "cmTC_c99f8/fast"
/usr/bin/make -f CMakeFiles/cmTC_c99f8.dir/build.make CMakeFiles/cmTC_c99f8.dir/build
make[1]: se entra en el directorio '/home/miriam/Escritorio/alg2/ejercitacion_punteros/CMakeFiles/CMakeTmp'
Building C object CMakeFiles/cmTC_c99f8.dir/CheckFunctionExists.c.o
/usr/bin/cc   -DCHECK_FUNCTION_EXISTS=pthread_create   -o CMakeFiles/cmTC_c99f8.dir/CheckFunctionExists.c.o   -c /usr/share/cmake-3.10/Modules/CheckFunctionExists.c
Linking C executable cmTC_c99f8
/usr/bin/cmake -E cmake_link_script CMakeFiles/cmTC_c99f8.dir/link.txt --verbose=1
/usr/bin/cc  -DCHECK_FUNCTION_EXISTS=pthread_create    -rdynamic CMakeFiles/cmTC_c99f8.dir/CheckFunctionExists.c.o  -o cmTC_c99f8 -lpthreads 
/usr/bin/x86_64-linux-gnu-ld: no se puede encontrar -lpthreads
collect2: error: ld returned 1 exit status
CMakeFiles/cmTC_c99f8.dir/build.make:97: recipe for target 'cmTC_c99f8' failed
make[1]: *** [cmTC_c99f8] Error 1
make[1]: se sale del directorio '/home/miriam/Escritorio/alg2/ejercitacion_punteros/CMakeFiles/CMakeTmp'
Makefile:126: recipe for target 'cmTC_c99f8/fast' failed
make: *** [cmTC_c99f8/fast] Error 2


