Determining if the pthread_create exist failed with the following output:
Change Dir: /home/miriam/Escritorio/alg2/iteradores/CMakeFiles/CMakeTmp

Run Build Command:"/usr/bin/make" "cmTC_ead3a/fast"
/usr/bin/make -f CMakeFiles/cmTC_ead3a.dir/build.make CMakeFiles/cmTC_ead3a.dir/build
make[1]: se entra en el directorio '/home/miriam/Escritorio/alg2/iteradores/CMakeFiles/CMakeTmp'
Building C object CMakeFiles/cmTC_ead3a.dir/CheckSymbolExists.c.o
/usr/bin/cc    -o CMakeFiles/cmTC_ead3a.dir/CheckSymbolExists.c.o   -c /home/miriam/Escritorio/alg2/iteradores/CMakeFiles/CMakeTmp/CheckSymbolExists.c
Linking C executable cmTC_ead3a
/usr/bin/cmake -E cmake_link_script CMakeFiles/cmTC_ead3a.dir/link.txt --verbose=1
/usr/bin/cc      -rdynamic CMakeFiles/cmTC_ead3a.dir/CheckSymbolExists.c.o  -o cmTC_ead3a 
CMakeFiles/cmTC_ead3a.dir/CheckSymbolExists.c.o: En la función `main':
CheckSymbolExists.c:(.text+0x1b): referencia a `pthread_create' sin definir
collect2: error: ld returned 1 exit status
CMakeFiles/cmTC_ead3a.dir/build.make:97: recipe for target 'cmTC_ead3a' failed
make[1]: *** [cmTC_ead3a] Error 1
make[1]: se sale del directorio '/home/miriam/Escritorio/alg2/iteradores/CMakeFiles/CMakeTmp'
Makefile:126: recipe for target 'cmTC_ead3a/fast' failed
make: *** [cmTC_ead3a/fast] Error 2

File /home/miriam/Escritorio/alg2/iteradores/CMakeFiles/CMakeTmp/CheckSymbolExists.c:
/* */
#include <pthread.h>

int main(int argc, char** argv)
{
  (void)argv;
#ifndef pthread_create
  return ((int*)(&pthread_create))[argc];
#else
  (void)argc;
  return 0;
#endif
}

Determining if the function pthread_create exists in the pthreads failed with the following output:
Change Dir: /home/miriam/Escritorio/alg2/iteradores/CMakeFiles/CMakeTmp

Run Build Command:"/usr/bin/make" "cmTC_93efd/fast"
/usr/bin/make -f CMakeFiles/cmTC_93efd.dir/build.make CMakeFiles/cmTC_93efd.dir/build
make[1]: se entra en el directorio '/home/miriam/Escritorio/alg2/iteradores/CMakeFiles/CMakeTmp'
Building C object CMakeFiles/cmTC_93efd.dir/CheckFunctionExists.c.o
/usr/bin/cc   -DCHECK_FUNCTION_EXISTS=pthread_create   -o CMakeFiles/cmTC_93efd.dir/CheckFunctionExists.c.o   -c /usr/share/cmake-3.10/Modules/CheckFunctionExists.c
Linking C executable cmTC_93efd
/usr/bin/cmake -E cmake_link_script CMakeFiles/cmTC_93efd.dir/link.txt --verbose=1
/usr/bin/cc  -DCHECK_FUNCTION_EXISTS=pthread_create    -rdynamic CMakeFiles/cmTC_93efd.dir/CheckFunctionExists.c.o  -o cmTC_93efd -lpthreads 
/usr/bin/x86_64-linux-gnu-ld: no se puede encontrar -lpthreads
collect2: error: ld returned 1 exit status
CMakeFiles/cmTC_93efd.dir/build.make:97: recipe for target 'cmTC_93efd' failed
make[1]: *** [cmTC_93efd] Error 1
make[1]: se sale del directorio '/home/miriam/Escritorio/alg2/iteradores/CMakeFiles/CMakeTmp'
Makefile:126: recipe for target 'cmTC_93efd/fast' failed
make: *** [cmTC_93efd/fast] Error 2


Determining if the pthread_create exist failed with the following output:
Change Dir: /home/miriam/Escritorio/alg2/iteradores/CMakeFiles/CMakeTmp

Run Build Command:"/usr/bin/make" "cmTC_d73c4/fast"
/usr/bin/make -f CMakeFiles/cmTC_d73c4.dir/build.make CMakeFiles/cmTC_d73c4.dir/build
make[1]: se entra en el directorio '/home/miriam/Escritorio/alg2/iteradores/CMakeFiles/CMakeTmp'
Building C object CMakeFiles/cmTC_d73c4.dir/CheckSymbolExists.c.o
/usr/bin/cc    -o CMakeFiles/cmTC_d73c4.dir/CheckSymbolExists.c.o   -c /home/miriam/Escritorio/alg2/iteradores/CMakeFiles/CMakeTmp/CheckSymbolExists.c
Linking C executable cmTC_d73c4
/usr/bin/cmake -E cmake_link_script CMakeFiles/cmTC_d73c4.dir/link.txt --verbose=1
/usr/bin/cc      -rdynamic CMakeFiles/cmTC_d73c4.dir/CheckSymbolExists.c.o  -o cmTC_d73c4 
CMakeFiles/cmTC_d73c4.dir/CheckSymbolExists.c.o: En la función `main':
CheckSymbolExists.c:(.text+0x1b): referencia a `pthread_create' sin definir
collect2: error: ld returned 1 exit status
CMakeFiles/cmTC_d73c4.dir/build.make:97: recipe for target 'cmTC_d73c4' failed
make[1]: *** [cmTC_d73c4] Error 1
make[1]: se sale del directorio '/home/miriam/Escritorio/alg2/iteradores/CMakeFiles/CMakeTmp'
Makefile:126: recipe for target 'cmTC_d73c4/fast' failed
make: *** [cmTC_d73c4/fast] Error 2

File /home/miriam/Escritorio/alg2/iteradores/CMakeFiles/CMakeTmp/CheckSymbolExists.c:
/* */
#include <pthread.h>

int main(int argc, char** argv)
{
  (void)argv;
#ifndef pthread_create
  return ((int*)(&pthread_create))[argc];
#else
  (void)argc;
  return 0;
#endif
}

Determining if the function pthread_create exists in the pthreads failed with the following output:
Change Dir: /home/miriam/Escritorio/alg2/iteradores/CMakeFiles/CMakeTmp

Run Build Command:"/usr/bin/make" "cmTC_77cda/fast"
/usr/bin/make -f CMakeFiles/cmTC_77cda.dir/build.make CMakeFiles/cmTC_77cda.dir/build
make[1]: se entra en el directorio '/home/miriam/Escritorio/alg2/iteradores/CMakeFiles/CMakeTmp'
Building C object CMakeFiles/cmTC_77cda.dir/CheckFunctionExists.c.o
/usr/bin/cc   -DCHECK_FUNCTION_EXISTS=pthread_create   -o CMakeFiles/cmTC_77cda.dir/CheckFunctionExists.c.o   -c /usr/share/cmake-3.10/Modules/CheckFunctionExists.c
Linking C executable cmTC_77cda
/usr/bin/cmake -E cmake_link_script CMakeFiles/cmTC_77cda.dir/link.txt --verbose=1
/usr/bin/cc  -DCHECK_FUNCTION_EXISTS=pthread_create    -rdynamic CMakeFiles/cmTC_77cda.dir/CheckFunctionExists.c.o  -o cmTC_77cda -lpthreads 
/usr/bin/x86_64-linux-gnu-ld: no se puede encontrar -lpthreads
collect2: error: ld returned 1 exit status
CMakeFiles/cmTC_77cda.dir/build.make:97: recipe for target 'cmTC_77cda' failed
make[1]: *** [cmTC_77cda] Error 1
make[1]: se sale del directorio '/home/miriam/Escritorio/alg2/iteradores/CMakeFiles/CMakeTmp'
Makefile:126: recipe for target 'cmTC_77cda/fast' failed
make: *** [cmTC_77cda/fast] Error 2


