Determining if the pthread_create exist failed with the following output:
Change Dir: /home/miriam/Escritorio/algo2/ejercicio1/ejercitacion_clases/alumnos/CMakeFiles/CMakeTmp

Run Build Command:"/usr/bin/make" "cmTC_6a8d5/fast"
/usr/bin/make -f CMakeFiles/cmTC_6a8d5.dir/build.make CMakeFiles/cmTC_6a8d5.dir/build
make[1]: se entra en el directorio '/home/miriam/Escritorio/algo2/ejercicio1/ejercitacion_clases/alumnos/CMakeFiles/CMakeTmp'
Building C object CMakeFiles/cmTC_6a8d5.dir/CheckSymbolExists.c.o
/usr/bin/cc    -o CMakeFiles/cmTC_6a8d5.dir/CheckSymbolExists.c.o   -c /home/miriam/Escritorio/algo2/ejercicio1/ejercitacion_clases/alumnos/CMakeFiles/CMakeTmp/CheckSymbolExists.c
Linking C executable cmTC_6a8d5
/usr/bin/cmake -E cmake_link_script CMakeFiles/cmTC_6a8d5.dir/link.txt --verbose=1
/usr/bin/cc      -rdynamic CMakeFiles/cmTC_6a8d5.dir/CheckSymbolExists.c.o  -o cmTC_6a8d5 
CMakeFiles/cmTC_6a8d5.dir/CheckSymbolExists.c.o: En la función `main':
CheckSymbolExists.c:(.text+0x1b): referencia a `pthread_create' sin definir
collect2: error: ld returned 1 exit status
CMakeFiles/cmTC_6a8d5.dir/build.make:97: recipe for target 'cmTC_6a8d5' failed
make[1]: *** [cmTC_6a8d5] Error 1
make[1]: se sale del directorio '/home/miriam/Escritorio/algo2/ejercicio1/ejercitacion_clases/alumnos/CMakeFiles/CMakeTmp'
Makefile:126: recipe for target 'cmTC_6a8d5/fast' failed
make: *** [cmTC_6a8d5/fast] Error 2

File /home/miriam/Escritorio/algo2/ejercicio1/ejercitacion_clases/alumnos/CMakeFiles/CMakeTmp/CheckSymbolExists.c:
/* */
#include <pthread.h>

int main(int argc, char** argv)
{
  (void)argv;
#ifndef pthread_create
  return ((int*)(&pthread_create))[argc];
#else
  (void)argc;
  return 0;
#endif
}

Determining if the function pthread_create exists in the pthreads failed with the following output:
Change Dir: /home/miriam/Escritorio/algo2/ejercicio1/ejercitacion_clases/alumnos/CMakeFiles/CMakeTmp

Run Build Command:"/usr/bin/make" "cmTC_afdac/fast"
/usr/bin/make -f CMakeFiles/cmTC_afdac.dir/build.make CMakeFiles/cmTC_afdac.dir/build
make[1]: se entra en el directorio '/home/miriam/Escritorio/algo2/ejercicio1/ejercitacion_clases/alumnos/CMakeFiles/CMakeTmp'
Building C object CMakeFiles/cmTC_afdac.dir/CheckFunctionExists.c.o
/usr/bin/cc   -DCHECK_FUNCTION_EXISTS=pthread_create   -o CMakeFiles/cmTC_afdac.dir/CheckFunctionExists.c.o   -c /usr/share/cmake-3.10/Modules/CheckFunctionExists.c
Linking C executable cmTC_afdac
/usr/bin/cmake -E cmake_link_script CMakeFiles/cmTC_afdac.dir/link.txt --verbose=1
/usr/bin/cc  -DCHECK_FUNCTION_EXISTS=pthread_create    -rdynamic CMakeFiles/cmTC_afdac.dir/CheckFunctionExists.c.o  -o cmTC_afdac -lpthreads 
/usr/bin/x86_64-linux-gnu-ld: no se puede encontrar -lpthreads
collect2: error: ld returned 1 exit status
CMakeFiles/cmTC_afdac.dir/build.make:97: recipe for target 'cmTC_afdac' failed
make[1]: *** [cmTC_afdac] Error 1
make[1]: se sale del directorio '/home/miriam/Escritorio/algo2/ejercicio1/ejercitacion_clases/alumnos/CMakeFiles/CMakeTmp'
Makefile:126: recipe for target 'cmTC_afdac/fast' failed
make: *** [cmTC_afdac/fast] Error 2


